idx_gcms = [11, 10, 9, 8, 7, 6, 4]
gcms[i] for i in idx_gcms = <generator object <genexpr> at 0x7f129f59a0c0>
procedures = ['compare_gcms']
gcms = ['BCC-CSM2-HR', 'GLOBO', 'GEM-NEMO', 'CanESM5', 'IFS', 'SPEAR', 'GRIMs', 'GloSea6-GC32', 'CNRM-CM61', 'CESM2-CAM6', 'NAVGEM', 'GloSea6']
figdir = '/home/users/ju26596/snapsi_analysis_figures/sep2019/2024-10-09/multimodel'
Starting i_gcm,gcm = (0, 'BCC-CSM2-HR')
Starting i_gcm,gcm = (1, 'GLOBO')
Starting i_gcm,gcm = (2, 'GEM-NEMO')
Starting i_gcm,gcm = (3, 'CanESM5')
Starting i_gcm,gcm = (4, 'IFS')
raw_data_dir = '/badc/snap/data/post-cmip6/SNAPSI/ECMWF/IFS/control/s20190829'
mem_labels = ['r10i1p1f1', 'r11i1p1f1', 'r12i1p1f1', 'r13i1p1f1', 'r14i1p1f1', 'r15i1p1f1', 'r16i1p1f1', 'r17i1p1f1', 'r18i1p1f1', 'r19i1p1f1', 'r1i1p1f1', 'r20i1p1f1', 'r21i1p1f1', 'r22i1p1f1', 'r23i1p1f1', 'r24i1p1f1', 'r25i1p1f1', 'r26i1p1f1', 'r27i1p1f1', 'r28i1p1f1', 'r29i1p1f1', 'r2i1p1f1', 'r30i1p1f1', 'r31i1p1f1', 'r32i1p1f1', 'r33i1p1f1', 'r34i1p1f1', 'r35i1p1f1', 'r36i1p1f1', 'r37i1p1f1', 'r38i1p1f1', 'r39i1p1f1', 'r3i1p1f1', 'r40i1p1f1', 'r41i1p1f1', 'r42i1p1f1', 'r43i1p1f1', 'r44i1p1f1', 'r45i1p1f1', 'r46i1p1f1', 'r47i1p1f1', 'r48i1p1f1', 'r49i1p1f1', 'r4i1p1f1', 'r50i1p1f1', 'r51i1p1f1', 'r5i1p1f1', 'r6i1p1f1', 'r7i1p1f1', 'r8i1p1f1', 'r9i1p1f1']
len(mem_labels) = 51
path_skeleton = '/badc/snap/data/post-cmip6/SNAPSI/ECMWF/IFS/control/s20190829/r*i*p*f*/6hrPt/tas/g*/v*/*.nc'
len(raw_mem_files) = 51
/badc/snap/data/post-cmip6/SNAPSI/ECMWF/IFS/control/s20190829/r10i1p1f1/6hrPt/tas/gr/v20230914/tas_6hrPt_IFS_control_s20190829-r10i1p1f1_gr_201908290000-201910140000.nc
/badc/snap/data/post-cmip6/SNAPSI/ECMWF/IFS/control/s20190829/r11i1p1f1/6hrPt/tas/gr/v20230914/tas_6hrPt_IFS_control_s20190829-r11i1p1f1_gr_201908290000-201910140000.nc
/badc/snap/data/post-cmip6/SNAPSI/ECMWF/IFS/control/s20190829/r12i1p1f1/6hrPt/tas/gr/v20230914/tas_6hrPt_IFS_control_s20190829-r12i1p1f1_gr_201908290000-201910140000.nc
/badc/snap/data/post-cmip6/SNAPSI/ECMWF/IFS/control/s20190829/r13i1p1f1/6hrPt/tas/gr/v20230914/tas_6hrPt_IFS_control_s20190829-r13i1p1f1_gr_201908290000-201910140000.nc
/badc/snap/data/post-cmip6/SNAPSI/ECMWF/IFS/control/s20190829/r14i1p1f1/6hrPt/tas/gr/v20230914/tas_6hrPt_IFS_control_s20190829-r14i1p1f1_gr_201908290000-201910140000.nc
/badc/snap/data/post-cmip6/SNAPSI/ECMWF/IFS/control/s20190829/r15i1p1f1/6hrPt/tas/gr/v20230914/tas_6hrPt_IFS_control_s20190829-r15i1p1f1_gr_201908290000-201910140000.nc
/badc/snap/data/post-cmip6/SNAPSI/ECMWF/IFS/control/s20190829/r16i1p1f1/6hrPt/tas/gr/v20230914/tas_6hrPt_IFS_control_s20190829-r16i1p1f1_gr_201908290000-201910140000.nc
/badc/snap/data/post-cmip6/SNAPSI/ECMWF/IFS/control/s20190829/r17i1p1f1/6hrPt/tas/gr/v20230914/tas_6hrPt_IFS_control_s20190829-r17i1p1f1_gr_201908290000-201910140000.nc
/badc/snap/data/post-cmip6/SNAPSI/ECMWF/IFS/control/s20190829/r18i1p1f1/6hrPt/tas/gr/v20230914/tas_6hrPt_IFS_control_s20190829-r18i1p1f1_gr_201908290000-201910140000.nc
/badc/snap/data/post-cmip6/SNAPSI/ECMWF/IFS/control/s20190829/r19i1p1f1/6hrPt/tas/gr/v20230914/tas_6hrPt_IFS_control_s20190829-r19i1p1f1_gr_201908290000-201910140000.nc
/badc/snap/data/post-cmip6/SNAPSI/ECMWF/IFS/control/s20190829/r1i1p1f1/6hrPt/tas/gr/v20230914/tas_6hrPt_IFS_control_s20190829-r1i1p1f1_gr_201908290000-201910140000.nc
/badc/snap/data/post-cmip6/SNAPSI/ECMWF/IFS/control/s20190829/r20i1p1f1/6hrPt/tas/gr/v20230914/tas_6hrPt_IFS_control_s20190829-r20i1p1f1_gr_201908290000-201910140000.nc
/badc/snap/data/post-cmip6/SNAPSI/ECMWF/IFS/control/s20190829/r21i1p1f1/6hrPt/tas/gr/v20230914/tas_6hrPt_IFS_control_s20190829-r21i1p1f1_gr_201908290000-201910140000.nc
/badc/snap/data/post-cmip6/SNAPSI/ECMWF/IFS/control/s20190829/r22i1p1f1/6hrPt/tas/gr/v20230914/tas_6hrPt_IFS_control_s20190829-r22i1p1f1_gr_201908290000-201910140000.nc
/badc/snap/data/post-cmip6/SNAPSI/ECMWF/IFS/control/s20190829/r23i1p1f1/6hrPt/tas/gr/v20230914/tas_6hrPt_IFS_control_s20190829-r23i1p1f1_gr_201908290000-201910140000.nc
/badc/snap/data/post-cmip6/SNAPSI/ECMWF/IFS/control/s20190829/r24i1p1f1/6hrPt/tas/gr/v20230914/tas_6hrPt_IFS_control_s20190829-r24i1p1f1_gr_201908290000-201910140000.nc
/badc/snap/data/post-cmip6/SNAPSI/ECMWF/IFS/control/s20190829/r25i1p1f1/6hrPt/tas/gr/v20230914/tas_6hrPt_IFS_control_s20190829-r25i1p1f1_gr_201908290000-201910140000.nc
/badc/snap/data/post-cmip6/SNAPSI/ECMWF/IFS/control/s20190829/r26i1p1f1/6hrPt/tas/gr/v20230914/tas_6hrPt_IFS_control_s20190829-r26i1p1f1_gr_201908290000-201910140000.nc
/badc/snap/data/post-cmip6/SNAPSI/ECMWF/IFS/control/s20190829/r27i1p1f1/6hrPt/tas/gr/v20230914/tas_6hrPt_IFS_control_s20190829-r27i1p1f1_gr_201908290000-201910140000.nc
/badc/snap/data/post-cmip6/SNAPSI/ECMWF/IFS/control/s20190829/r28i1p1f1/6hrPt/tas/gr/v20230914/tas_6hrPt_IFS_control_s20190829-r28i1p1f1_gr_201908290000-201910140000.nc
/badc/snap/data/post-cmip6/SNAPSI/ECMWF/IFS/control/s20190829/r29i1p1f1/6hrPt/tas/gr/v20230914/tas_6hrPt_IFS_control_s20190829-r29i1p1f1_gr_201908290000-201910140000.nc
/badc/snap/data/post-cmip6/SNAPSI/ECMWF/IFS/control/s20190829/r2i1p1f1/6hrPt/tas/gr/v20230914/tas_6hrPt_IFS_control_s20190829-r2i1p1f1_gr_201908290000-201910140000.nc
/badc/snap/data/post-cmip6/SNAPSI/ECMWF/IFS/control/s20190829/r30i1p1f1/6hrPt/tas/gr/v20230914/tas_6hrPt_IFS_control_s20190829-r30i1p1f1_gr_201908290000-201910140000.nc
/badc/snap/data/post-cmip6/SNAPSI/ECMWF/IFS/control/s20190829/r31i1p1f1/6hrPt/tas/gr/v20230914/tas_6hrPt_IFS_control_s20190829-r31i1p1f1_gr_201908290000-201910140000.nc
/badc/snap/data/post-cmip6/SNAPSI/ECMWF/IFS/control/s20190829/r32i1p1f1/6hrPt/tas/gr/v20230914/tas_6hrPt_IFS_control_s20190829-r32i1p1f1_gr_201908290000-201910140000.nc
/badc/snap/data/post-cmip6/SNAPSI/ECMWF/IFS/control/s20190829/r33i1p1f1/6hrPt/tas/gr/v20230914/tas_6hrPt_IFS_control_s20190829-r33i1p1f1_gr_201908290000-201910140000.nc
/badc/snap/data/post-cmip6/SNAPSI/ECMWF/IFS/control/s20190829/r34i1p1f1/6hrPt/tas/gr/v20230914/tas_6hrPt_IFS_control_s20190829-r34i1p1f1_gr_201908290000-201910140000.nc
/badc/snap/data/post-cmip6/SNAPSI/ECMWF/IFS/control/s20190829/r35i1p1f1/6hrPt/tas/gr/v20230914/tas_6hrPt_IFS_control_s20190829-r35i1p1f1_gr_201908290000-201910140000.nc
/badc/snap/data/post-cmip6/SNAPSI/ECMWF/IFS/control/s20190829/r36i1p1f1/6hrPt/tas/gr/v20230914/tas_6hrPt_IFS_control_s20190829-r36i1p1f1_gr_201908290000-201910140000.nc
/badc/snap/data/post-cmip6/SNAPSI/ECMWF/IFS/control/s20190829/r37i1p1f1/6hrPt/tas/gr/v20230914/tas_6hrPt_IFS_control_s20190829-r37i1p1f1_gr_201908290000-201910140000.nc
/badc/snap/data/post-cmip6/SNAPSI/ECMWF/IFS/control/s20190829/r38i1p1f1/6hrPt/tas/gr/v20230914/tas_6hrPt_IFS_control_s20190829-r38i1p1f1_gr_201908290000-201910140000.nc
/badc/snap/data/post-cmip6/SNAPSI/ECMWF/IFS/control/s20190829/r39i1p1f1/6hrPt/tas/gr/v20230914/tas_6hrPt_IFS_control_s20190829-r39i1p1f1_gr_201908290000-201910140000.nc
/badc/snap/data/post-cmip6/SNAPSI/ECMWF/IFS/control/s20190829/r3i1p1f1/6hrPt/tas/gr/v20230914/tas_6hrPt_IFS_control_s20190829-r3i1p1f1_gr_201908290000-201910140000.nc
/badc/snap/data/post-cmip6/SNAPSI/ECMWF/IFS/control/s20190829/r40i1p1f1/6hrPt/tas/gr/v20230914/tas_6hrPt_IFS_control_s20190829-r40i1p1f1_gr_201908290000-201910140000.nc
/badc/snap/data/post-cmip6/SNAPSI/ECMWF/IFS/control/s20190829/r41i1p1f1/6hrPt/tas/gr/v20230914/tas_6hrPt_IFS_control_s20190829-r41i1p1f1_gr_201908290000-201910140000.nc
/badc/snap/data/post-cmip6/SNAPSI/ECMWF/IFS/control/s20190829/r42i1p1f1/6hrPt/tas/gr/v20230914/tas_6hrPt_IFS_control_s20190829-r42i1p1f1_gr_201908290000-201910140000.nc
/badc/snap/data/post-cmip6/SNAPSI/ECMWF/IFS/control/s20190829/r43i1p1f1/6hrPt/tas/gr/v20230914/tas_6hrPt_IFS_control_s20190829-r43i1p1f1_gr_201908290000-201910140000.nc
/badc/snap/data/post-cmip6/SNAPSI/ECMWF/IFS/control/s20190829/r44i1p1f1/6hrPt/tas/gr/v20230914/tas_6hrPt_IFS_control_s20190829-r44i1p1f1_gr_201908290000-201910140000.nc
/badc/snap/data/post-cmip6/SNAPSI/ECMWF/IFS/control/s20190829/r45i1p1f1/6hrPt/tas/gr/v20230914/tas_6hrPt_IFS_control_s20190829-r45i1p1f1_gr_201908290000-201910140000.nc
/badc/snap/data/post-cmip6/SNAPSI/ECMWF/IFS/control/s20190829/r46i1p1f1/6hrPt/tas/gr/v20230914/tas_6hrPt_IFS_control_s20190829-r46i1p1f1_gr_201908290000-201910140000.nc
/badc/snap/data/post-cmip6/SNAPSI/ECMWF/IFS/control/s20190829/r47i1p1f1/6hrPt/tas/gr/v20230914/tas_6hrPt_IFS_control_s20190829-r47i1p1f1_gr_201908290000-201910140000.nc
/badc/snap/data/post-cmip6/SNAPSI/ECMWF/IFS/control/s20190829/r48i1p1f1/6hrPt/tas/gr/v20230914/tas_6hrPt_IFS_control_s20190829-r48i1p1f1_gr_201908290000-201910140000.nc
/badc/snap/data/post-cmip6/SNAPSI/ECMWF/IFS/control/s20190829/r49i1p1f1/6hrPt/tas/gr/v20230914/tas_6hrPt_IFS_control_s20190829-r49i1p1f1_gr_201908290000-201910140000.nc
/badc/snap/data/post-cmip6/SNAPSI/ECMWF/IFS/control/s20190829/r4i1p1f1/6hrPt/tas/gr/v20230914/tas_6hrPt_IFS_control_s20190829-r4i1p1f1_gr_201908290000-201910140000.nc
/badc/snap/data/post-cmip6/SNAPSI/ECMWF/IFS/control/s20190829/r50i1p1f1/6hrPt/tas/gr/v20230914/tas_6hrPt_IFS_control_s20190829-r50i1p1f1_gr_201908290000-201910140000.nc
/badc/snap/data/post-cmip6/SNAPSI/ECMWF/IFS/control/s20190829/r51i1p1f1/6hrPt/tas/gr/v20230914/tas_6hrPt_IFS_control_s20190829-r51i1p1f1_gr_201908290000-201910140000.nc
/badc/snap/data/post-cmip6/SNAPSI/ECMWF/IFS/control/s20190829/r5i1p1f1/6hrPt/tas/gr/v20230914/tas_6hrPt_IFS_control_s20190829-r5i1p1f1_gr_201908290000-201910140000.nc
/badc/snap/data/post-cmip6/SNAPSI/ECMWF/IFS/control/s20190829/r6i1p1f1/6hrPt/tas/gr/v20230914/tas_6hrPt_IFS_control_s20190829-r6i1p1f1_gr_201908290000-201910140000.nc
/badc/snap/data/post-cmip6/SNAPSI/ECMWF/IFS/control/s20190829/r7i1p1f1/6hrPt/tas/gr/v20230914/tas_6hrPt_IFS_control_s20190829-r7i1p1f1_gr_201908290000-201910140000.nc
/badc/snap/data/post-cmip6/SNAPSI/ECMWF/IFS/control/s20190829/r8i1p1f1/6hrPt/tas/gr/v20230914/tas_6hrPt_IFS_control_s20190829-r8i1p1f1_gr_201908290000-201910140000.nc
/badc/snap/data/post-cmip6/SNAPSI/ECMWF/IFS/control/s20190829/r9i1p1f1/6hrPt/tas/gr/v20230914/tas_6hrPt_IFS_control_s20190829-r9i1p1f1_gr_201908290000-201910140000.nc
