procedure = 'reduce', sys.argv = ['pipeline_gcms.py', 'reduce', '7']
gcm = 'GloSea6-GC32'
i_fcdate = 0
i_expt = 0
svmem(total=1622496026624, available=1042046935040, percent=35.8, used=571402485760, free=632158310400, active=586515546112, inactive=378362859520, buffers=4444160, cached=418930786304, shared=30896128, slab=8922365952)
i_expt = 1
svmem(total=1622496026624, available=1018865459200, percent=37.2, used=594584469504, free=653447991296, active=606740787200, inactive=334025228288, buffers=4444160, cached=374459121664, shared=30896128, slab=8841584640)
i_expt = 2
svmem(total=1622496026624, available=1039633321984, percent=35.9, used=573816012800, free=671579672576, active=586516918272, inactive=336660488192, buffers=4444160, cached=377095897088, shared=30896128, slab=8854884352)
i_fcdate = 1
i_expt = 0
svmem(total=1622496026624, available=1031320743936, percent=36.4, used=582129000448, free=662567944192, active=596924473344, inactive=336318984192, buffers=4444160, cached=377794637824, shared=30900224, slab=8951468032)
i_expt = 1
svmem(total=1622496026624, available=1036804358144, percent=36.1, used=576645009408, free=667678584832, active=591275409408, inactive=337692340224, buffers=4444160, cached=378167988224, shared=30900224, slab=8908681216)
i_expt = 2
svmem(total=1622496026624, available=1040287862784, percent=35.9, used=573161447424, free=670927708160, active=588378771456, inactive=337911828480, buffers=4444160, cached=378402426880, shared=30900224, slab=8887357440)
procedure = 'reduce', sys.argv = ['pipeline_gcms.py', 'reduce', '7']
gcm = 'GloSea6-GC32'
i_fcdate = 0
i_expt = 0
svmem(total=1622496026624, available=1050304155648, percent=35.3, used=563145695232, free=677126574080, active=578709454848, inactive=341684191232, buffers=4444160, cached=382219313152, shared=30896128, slab=8905420800)
i_expt = 1
svmem(total=1622496026624, available=1053111066624, percent=35.1, used=560338292736, free=679025491968, active=576339238912, inactive=342552465408, buffers=4444160, cached=383127797760, shared=30896128, slab=8906285056)
i_expt = 2
svmem(total=1622496026624, available=1055210254336, percent=35.0, used=558239068160, free=682022875136, active=574569619456, inactive=341543677952, buffers=4444160, cached=382229639168, shared=30896128, slab=8899047424)
i_fcdate = 1
i_expt = 0
svmem(total=1622496026624, available=1054938902528, percent=35.0, used=558510403584, free=681757204480, active=575491178496, inactive=341434195968, buffers=4444160, cached=382223974400, shared=30896128, slab=8902864896)
i_expt = 1
svmem(total=1622496026624, available=1066420305920, percent=34.3, used=547029049344, free=692698959872, active=564698689536, inactive=341851738112, buffers=4444160, cached=382763573248, shared=30896128, slab=8906145792)
i_expt = 2
svmem(total=1622496026624, available=1047888539648, percent=35.4, used=565560721408, free=673894137856, active=583543586816, inactive=341983215616, buffers=4444160, cached=383036723200, shared=30920704, slab=8915689472)
procedure = 'reduce', sys.argv = ['pipeline_gcms.py', 'reduce', '7']
gcm = 'GloSea6-GC32'
i_fcdate = 0
i_expt = 0
svmem(total=1622496026624, available=1038805868544, percent=36.0, used=574643326976, free=663988121600, active=591774928896, inactive=342590439424, buffers=4444160, cached=383860133888, shared=30920704, slab=8911355904)
i_expt = 1
svmem(total=1622496026624, available=1017586950144, percent=37.3, used=595862163456, free=642538745856, active=612099043328, inactive=342741581824, buffers=4444160, cached=384090673152, shared=30920704, slab=8921284608)
i_expt = 2
svmem(total=1622496026624, available=1012654125056, percent=37.6, used=600795049984, free=637452103680, active=617409064960, inactive=342847168512, buffers=4444160, cached=384244428800, shared=30920704, slab=8926756864)
i_fcdate = 1
i_expt = 0
svmem(total=1622496026624, available=1016197898240, percent=37.4, used=597251137536, free=640804347904, active=612543655936, inactive=342966439936, buffers=4444160, cached=384436097024, shared=30920704, slab=8925757440)
i_expt = 1
svmem(total=1622496026624, available=1017966972928, percent=37.3, used=595482296320, free=642097414144, active=610896855040, inactive=343366635520, buffers=4444160, cached=384911872000, shared=30920704, slab=8933584896)
i_expt = 2
svmem(total=1622496026624, available=1013725208576, percent=37.5, used=599724118016, free=637744738304, active=615588835328, inactive=343426371584, buffers=4444160, cached=385022726144, shared=30920704, slab=8928210944)
