procedure = 'reduce', sys.argv = ['pipeline_gcms.py', 'reduce', '11']
gcm = 'GloSea6'
i_fcdate = 0
i_expt = 0
svmem(total=1622475329536, available=984121356288, percent=39.3, used=629661945856, free=864252432384, active=657420693504, inactive=85811757056, buffers=4444160, cached=128556507136, shared=30765056, slab=4627980288)
i_expt = 1
svmem(total=1622475329536, available=966305079296, percent=40.4, used=647477948416, free=845266309120, active=675475025920, inactive=85833138176, buffers=4444160, cached=129726627840, shared=30765056, slab=4628418560)
i_expt = 2
svmem(total=1622475329536, available=956437344256, percent=41.1, used=657344606208, free=834456981504, active=685786333184, inactive=85854552064, buffers=4444160, cached=130669297664, shared=30765056, slab=4629688320)
i_fcdate = 1
i_expt = 0
svmem(total=1622475329536, available=977003114496, percent=39.8, used=636779192320, free=854940405760, active=664743862272, inactive=85874294784, buffers=4444160, cached=130751287296, shared=30765056, slab=4632219648)
i_expt = 1
svmem(total=1622475329536, available=958723973120, percent=40.9, used=655058141184, free=836639383552, active=681717690368, inactive=85894873088, buffers=4444160, cached=130773360640, shared=30765056, slab=4631232512)
i_expt = 2
svmem(total=1622475329536, available=956239990784, percent=41.1, used=657541898240, free=834135035904, active=683782606848, inactive=85915029504, buffers=4444160, cached=130793951232, shared=30765056, slab=4633903104)
procedure = 'reduce', sys.argv = ['pipeline_gcms.py', 'reduce', '11']
gcm = 'GloSea6'
i_fcdate = 0
i_expt = 0
svmem(total=1622475329536, available=967727980544, percent=40.4, used=646054215680, free=846171512832, active=671649558528, inactive=85952643072, buffers=4444160, cached=130245156864, shared=30765056, slab=4633432064)
i_expt = 1
svmem(total=1622475329536, available=957263020032, percent=41.0, used=656519122944, free=835873177600, active=681808527360, inactive=85970857984, buffers=4444160, cached=130078584832, shared=30765056, slab=4634095616)
i_expt = 2
svmem(total=1622475329536, available=957466669056, percent=41.0, used=656315228160, free=836058206208, active=681914368000, inactive=85989421056, buffers=4444160, cached=130097451008, shared=30765056, slab=4634480640)
i_fcdate = 1
i_expt = 0
svmem(total=1622475329536, available=961925877760, percent=40.7, used=651855851520, free=840502337536, active=677961920512, inactive=86004170752, buffers=4444160, cached=130112696320, shared=30765056, slab=4635258880)
i_expt = 1
svmem(total=1622475329536, available=958298767360, percent=40.9, used=655482761216, free=836859793408, active=681485737984, inactive=86019407872, buffers=4444160, cached=130128330752, shared=30765056, slab=4635672576)
i_expt = 2
svmem(total=1622475329536, available=972788830208, percent=40.0, used=640992509952, free=851333906432, active=667153186816, inactive=86035111936, buffers=4444160, cached=130144468992, shared=30765056, slab=4638306304)
procedure = 'reduce', sys.argv = ['pipeline_gcms.py', 'reduce', '11']
gcm = 'GloSea6'
i_fcdate = 0
i_expt = 0
svmem(total=1622475329536, available=967370797056, percent=40.4, used=646410727424, free=846259888128, active=671910477824, inactive=86076559360, buffers=4444160, cached=129800269824, shared=30765056, slab=4637093888)
i_expt = 1
svmem(total=1622475329536, available=985085493248, percent=39.3, used=628696109056, free=863955673088, active=654332006400, inactive=86095667200, buffers=4444160, cached=129819103232, shared=30765056, slab=4642660352)
i_expt = 2
svmem(total=1622475329536, available=972823601152, percent=40.0, used=640957775872, free=851674693632, active=666617974784, inactive=86114516992, buffers=4444160, cached=129838415872, shared=30765056, slab=4637446144)
i_fcdate = 1
i_expt = 0
svmem(total=1622475329536, available=975398166528, percent=39.9, used=638383038464, free=854231785472, active=663647604736, inactive=86131818496, buffers=4444160, cached=129856061440, shared=30765056, slab=4638007296)
i_expt = 1
svmem(total=1622475329536, available=975643914240, percent=39.9, used=638137020416, free=854459940864, active=663822671872, inactive=86149140480, buffers=4444160, cached=129873924096, shared=30765056, slab=4638781440)
i_expt = 2
svmem(total=1622475329536, available=978960453632, percent=39.7, used=634820251648, free=857758945280, active=661349556224, inactive=86166446080, buffers=4444160, cached=129891688448, shared=30765056, slab=4639195136)
