procedure = 'reduce', sys.argv = ['pipeline_gcms.py', 'reduce', '9']
gcm = 'CESM2-CAM6'
i_fcdate = 0
i_expt = 0
svmem(total=1622475350016, available=952932626432, percent=41.3, used=661353533440, free=805955563520, active=586243846144, inactive=209558118400, buffers=1064960, cached=155165188096, shared=16375808, slab=3836039168)
i_expt = 1
svmem(total=1622475350016, available=932505423872, percent=42.5, used=681780432896, free=787283894272, active=604831547392, inactive=207793639424, buffers=1064960, cached=153409957888, shared=16375808, slab=3839639552)
i_expt = 2
svmem(total=1622475350016, available=940667166720, percent=42.0, used=673618145280, free=795151536128, active=598725267456, inactive=208085024768, buffers=1064960, cached=153704603648, shared=16375808, slab=3769126912)
i_fcdate = 1
i_expt = 0
svmem(total=1622475350016, available=929173024768, percent=42.7, used=685111562240, free=783614570496, active=607886426112, inactive=208127188992, buffers=1064960, cached=153748152320, shared=16375808, slab=3801923584)
i_expt = 1
svmem(total=1622475350016, available=927566045184, percent=42.8, used=686717632512, free=782691000320, active=610097078272, inactive=207442800640, buffers=1064960, cached=153065652224, shared=16375808, slab=3815374848)
i_expt = 2
svmem(total=1622475350016, available=920434786304, percent=43.3, used=693849079808, free=776226430976, active=617261568000, inactive=206773084160, buffers=1064960, cached=152398774272, shared=16375808, slab=3820118016)
procedure = 'reduce', sys.argv = ['pipeline_gcms.py', 'reduce', '9']
gcm = 'CESM2-CAM6'
i_fcdate = 0
i_expt = 0
svmem(total=1622475350016, available=936275501056, percent=42.3, used=678008000512, free=792348282880, active=601377099776, inactive=206245195776, buffers=1064960, cached=152118001664, shared=16375808, slab=3815419904)
i_expt = 1
svmem(total=1622475350016, available=935478075392, percent=42.3, used=678804865024, free=800841003008, active=603089625088, inactive=196954406912, buffers=1064960, cached=142828417024, shared=16375808, slab=3815809024)
i_expt = 2
svmem(total=1622475350016, available=935127314432, percent=42.4, used=679155261440, free=799420407808, active=603649241088, inactive=198023888896, buffers=1064960, cached=143898615808, shared=16375808, slab=3816599552)
i_fcdate = 1
i_expt = 0
svmem(total=1622475350016, available=939069222912, percent=42.1, used=675212906496, free=801859723264, active=599795433472, inactive=199526027264, buffers=1064960, cached=145401655296, shared=16375808, slab=3826470912)
i_expt = 1
svmem(total=1622475350016, available=955571490816, percent=41.1, used=658710302720, free=815580446720, active=583761743872, inactive=202307334144, buffers=1064960, cached=148183535616, shared=16375808, slab=3824562176)
i_expt = 2
svmem(total=1622475350016, available=952604721152, percent=41.3, used=661676548096, free=809061384192, active=587240030208, inactive=205859119104, buffers=1064960, cached=151736352768, shared=16375808, slab=3829760000)
procedure = 'reduce', sys.argv = ['pipeline_gcms.py', 'reduce', '9']
gcm = 'CESM2-CAM6'
i_fcdate = 0
i_expt = 0
svmem(total=1622475350016, available=942508138496, percent=41.9, used=671772880896, free=794448474112, active=598205591552, inactive=210375204864, buffers=1064960, cached=156252930048, shared=16375808, slab=3827765248)
i_expt = 1
svmem(total=1622475350016, available=947016978432, percent=41.6, used=667263717376, free=797113036800, active=592955891712, inactive=212219105280, buffers=1064960, cached=158097530880, shared=16375808, slab=3827339264)
i_expt = 2
svmem(total=1622475350016, available=948759932928, percent=41.5, used=665520173056, free=797742321664, active=591837851648, inactive=213332656128, buffers=1064960, cached=159211790336, shared=16375808, slab=3820367872)
i_fcdate = 1
i_expt = 0
svmem(total=1622475350016, available=948498329600, percent=41.5, used=665781637120, free=796566630400, active=592191410176, inactive=214246146048, buffers=1064960, cached=160126017536, shared=16375808, slab=3820953600)
i_expt = 1
svmem(total=1622475350016, available=951338508288, percent=41.4, used=662940999680, free=798608265216, active=589918638080, inactive=215044300800, buffers=1064960, cached=160925020160, shared=16375808, slab=3825229824)
i_expt = 2
svmem(total=1622475350016, available=945254301696, percent=41.7, used=669024739328, free=791705743360, active=595438493696, inactive=215862112256, buffers=1064960, cached=161743802368, shared=16375808, slab=3820584960)
