procedure = 'reduce', sys.argv = ['pipeline_gcms.py', 'reduce', '4']
gcm = 'IFS'
i_fcdate = 0
i_expt = 0
svmem(total=1622496055296, available=998861008896, percent=38.4, used=614592008192, free=572600033280, active=695278993408, inactive=334574755840, buffers=2154496, cached=435301859328, shared=27357184, slab=6692732928)
i_expt = 1
svmem(total=1622496055296, available=1005361573888, percent=38.0, used=608095588352, free=578953531392, active=688902881280, inactive=334632476672, buffers=2154496, cached=435444781056, shared=27357184, slab=6681505792)
i_expt = 2
svmem(total=1622496055296, available=1016529788928, percent=37.3, used=596923084800, free=589956968448, active=677464170496, inactive=334723833856, buffers=2154496, cached=435613847552, shared=27357184, slab=6682288128)
i_fcdate = 1
i_expt = 0
svmem(total=1622496055296, available=997666553856, percent=38.5, used=615786311680, free=570832515072, active=696044318720, inactive=334859829248, buffers=2154496, cached=435875074048, shared=27361280, slab=6699806720)
i_expt = 1
svmem(total=1622496055296, available=988450578432, percent=39.1, used=625002409984, free=561372049408, active=704810549248, inactive=335021273088, buffers=2154496, cached=436119441408, shared=27361280, slab=6688186368)
i_expt = 2
svmem(total=1622496055296, available=990350155776, percent=39.0, used=623102754816, free=561697689600, active=703400116224, inactive=336441667584, buffers=2154496, cached=437693456384, shared=27357184, slab=6697758720)
procedure = 'reduce', sys.argv = ['pipeline_gcms.py', 'reduce', '4']
gcm = 'IFS'
i_fcdate = 0
i_expt = 0
svmem(total=1622496055296, available=995811594240, percent=38.6, used=617641287680, free=565584216064, active=697524375552, inactive=337886842880, buffers=2154496, cached=439268397056, shared=27357184, slab=6703185920)
i_expt = 1
svmem(total=1622496055296, available=988878143488, percent=39.1, used=624574652416, free=557326434304, active=709636083712, inactive=339106971648, buffers=2154496, cached=440592814080, shared=27357184, slab=6704996352)
i_expt = 2
svmem(total=1622496055296, available=989312901120, percent=39.0, used=624139943936, free=554827001856, active=712349548544, inactive=339146821632, buffers=2154496, cached=443526955008, shared=27357184, slab=6723452928)
i_fcdate = 1
i_expt = 0
svmem(total=1622496055296, available=992257634304, percent=38.8, used=621195272192, free=559153344512, active=704384733184, inactive=338896244736, buffers=2154496, cached=442145284096, shared=27357184, slab=6712655872)
i_expt = 1
svmem(total=1622496055296, available=986841030656, percent=39.2, used=626612305920, free=552362680320, active=709575876608, inactive=339024093184, buffers=2154496, cached=443518914560, shared=27357184, slab=6713352192)
i_expt = 2
svmem(total=1622496055296, available=987169763328, percent=39.2, used=626283118592, free=550892990464, active=711418040320, inactive=339144617984, buffers=2154496, cached=445317791744, shared=27357184, slab=6729170944)
procedure = 'reduce', sys.argv = ['pipeline_gcms.py', 'reduce', '4']
gcm = 'IFS'
i_fcdate = 0
i_expt = 0
svmem(total=1622496055296, available=983087267840, percent=39.4, used=630365642752, free=545432260608, active=717809377280, inactive=340402155520, buffers=2154496, cached=446695997440, shared=27357184, slab=6744608768)
i_expt = 1
svmem(total=1622496055296, available=986190532608, percent=39.2, used=627262423040, free=548386865152, active=713982320640, inactive=340445941760, buffers=2154496, cached=446844612608, shared=27357184, slab=6728699904)
i_expt = 2
svmem(total=1622496055296, available=987682795520, percent=39.1, used=625769693184, free=550502363136, active=714811346944, inactive=339737206784, buffers=2154496, cached=446221844480, shared=27357184, slab=6733426688)
i_fcdate = 1
i_expt = 0
svmem(total=1622496055296, available=984349548544, percent=39.3, used=629103431680, free=548031582208, active=719431737344, inactive=338810515456, buffers=2154496, cached=445358886912, shared=27357184, slab=6745030656)
i_expt = 1
svmem(total=1622496055296, available=981802643456, percent=39.5, used=631650336768, free=547453386752, active=721286877184, inactive=336796291072, buffers=2154496, cached=443390177280, shared=27357184, slab=6736777216)
i_expt = 2
svmem(total=1622496055296, available=985848979456, percent=39.2, used=627603927040, free=551057297408, active=716242415616, inactive=336853438464, buffers=2154496, cached=443832676352, shared=27357184, slab=6740586496)
