procedure = 'reduce', sys.argv = ['pipeline_gcms.py', 'reduce', '6']
gcm = 'GRIMs'
i_fcdate = 0
i_expt = 0
svmem(total=1622496026624, available=1069077372928, percent=34.1, used=544270286848, free=610706440192, active=572834574336, inactive=416614166528, buffers=3289088, cached=467516010496, shared=127889408, slab=7695044608)
i_expt = 1
svmem(total=1622496026624, available=1073615695872, percent=33.8, used=539732553728, free=615161028608, active=564961579008, inactive=419953487872, buffers=3289088, cached=467599155200, shared=127889408, slab=7702208512)
i_expt = 2
svmem(total=1622496026624, available=1073392652288, percent=33.8, used=539954999296, free=610579492864, active=565464035328, inactive=424267083776, buffers=3289088, cached=471958245376, shared=127893504, slab=7693135872)
i_fcdate = 1
i_expt = 0
svmem(total=1622496026624, available=1067635040256, percent=34.2, used=545713168384, free=602936324096, active=571203543040, inactive=426136731648, buffers=3289088, cached=473843245056, shared=127889408, slab=7703302144)
i_expt = 1
svmem(total=1622496026624, available=1082667405312, percent=33.3, used=530681438208, free=618116440064, active=555959107584, inactive=425974452224, buffers=3289088, cached=473694859264, shared=127889408, slab=7698812928)
i_expt = 2
svmem(total=1622496026624, available=1082576052224, percent=33.3, used=530772176896, free=617956913152, active=555643289600, inactive=426014416896, buffers=3289088, cached=473763647488, shared=127889408, slab=7693811712)
procedure = 'reduce', sys.argv = ['pipeline_gcms.py', 'reduce', '6']
gcm = 'GRIMs'
i_fcdate = 0
i_expt = 0
svmem(total=1622496026624, available=1097806176256, percent=32.3, used=515542233088, free=631982813184, active=541212667904, inactive=427209658368, buffers=3289088, cached=474967691264, shared=127864832, slab=7691030528)
i_expt = 1
svmem(total=1622496026624, available=1102560198656, percent=32.0, used=510788165632, free=635098320896, active=536741466112, inactive=428830220288, buffers=3289088, cached=476606251008, shared=127864832, slab=7697780736)
i_expt = 2
svmem(total=1622496026624, available=1115737448448, percent=31.2, used=497611505664, free=648318693376, active=523323203584, inactive=428768780288, buffers=3289088, cached=476562538496, shared=127864832, slab=7708610560)
i_fcdate = 1
i_expt = 0
svmem(total=1622496026624, available=1105203019776, percent=31.9, used=508145311744, free=636571668480, active=533641777152, inactive=429971984384, buffers=3289088, cached=477775757312, shared=127864832, slab=7709261824)
i_expt = 1
svmem(total=1622496026624, available=1112614133760, percent=31.4, used=500734177280, free=643432955904, active=525715881984, inactive=430498172928, buffers=3289088, cached=478325604352, shared=127873024, slab=7698817024)
i_expt = 2
svmem(total=1622496026624, available=1102826442752, percent=32.0, used=510521905152, free=633730084864, active=535135895552, inactive=430396960768, buffers=3289088, cached=478240747520, shared=127864832, slab=7694376960)
procedure = 'reduce', sys.argv = ['pipeline_gcms.py', 'reduce', '6']
gcm = 'GRIMs'
i_fcdate = 0
i_expt = 0
svmem(total=1622496026624, available=1100043677696, percent=32.2, used=513304637440, free=630472396800, active=537462140928, inactive=430869659648, buffers=3289088, cached=478715703296, shared=127864832, slab=7704670208)
i_expt = 1
svmem(total=1622496026624, available=1098423984128, percent=32.3, used=514924384256, free=628344868864, active=540190679040, inactive=431359414272, buffers=3289088, cached=479223484416, shared=127864832, slab=7713923072)
i_expt = 2
svmem(total=1622496026624, available=1095582273536, percent=32.5, used=517766168576, free=625731043328, active=543140913152, inactive=431125794816, buffers=3289088, cached=478995525632, shared=127864832, slab=7706353664)
i_fcdate = 1
i_expt = 0
svmem(total=1622496026624, available=1096979968000, percent=32.4, used=516368359424, free=626949275648, active=541259563008, inactive=431304048640, buffers=3289088, cached=479175102464, shared=127864832, slab=7713034240)
i_expt = 1
svmem(total=1622496026624, available=1097822830592, percent=32.3, used=515526074368, free=627663826944, active=540146991104, inactive=431414632448, buffers=3289088, cached=479302836224, shared=127864832, slab=7716990976)
i_expt = 2
svmem(total=1622496026624, available=1098994823168, percent=32.3, used=514353086464, free=633373847552, active=539483615232, inactive=426879877120, buffers=3289088, cached=474765803520, shared=127864832, slab=7707660288)
