procedure = 'reduce', sys.argv = ['pipeline_gcms.py', 'reduce', '8']
gcm = 'CNRM-CM61'
i_fcdate = 0
i_expt = 0
svmem(total=1622475350016, available=952939593728, percent=41.3, used=661346050048, free=805963046912, active=586237652992, inactive=209558118400, buffers=1064960, cached=155165188096, shared=16375808, slab=3836039168)
i_expt = 1
svmem(total=1622475350016, available=936194056192, percent=42.3, used=678091304960, free=791030329344, active=601399812096, inactive=207735836672, buffers=1064960, cached=153352650752, shared=16375808, slab=3839639552)
i_expt = 2
svmem(total=1622475350016, available=940872777728, percent=42.0, used=673412513792, free=795357466624, active=598435237888, inactive=208084705280, buffers=1064960, cached=153704304640, shared=16375808, slab=3769126912)
i_fcdate = 1
i_expt = 0
svmem(total=1622475350016, available=926862602240, percent=42.9, used=687422177280, free=781319553024, active=610555695104, inactive=208111951872, buffers=1064960, cached=153732554752, shared=16375808, slab=3800035328)
i_expt = 1
svmem(total=1622475350016, available=929234952192, percent=42.7, used=685049384960, free=784386138112, active=608183914496, inactive=207417274368, buffers=1064960, cached=153038761984, shared=16375808, slab=3814076416)
i_expt = 2
svmem(total=1622475350016, available=920431431680, percent=43.3, used=693852434432, free=776223076352, active=617265696768, inactive=206773084160, buffers=1064960, cached=152398774272, shared=16375808, slab=3820118016)
procedure = 'reduce', sys.argv = ['pipeline_gcms.py', 'reduce', '8']
gcm = 'CNRM-CM61'
i_fcdate = 0
i_expt = 0
svmem(total=1622475350016, available=936275501056, percent=42.3, used=678008000512, free=792348282880, active=601377099776, inactive=206245195776, buffers=1064960, cached=152118001664, shared=16375808, slab=3815419904)
i_expt = 1
svmem(total=1622475350016, available=936512589824, percent=42.3, used=677770444800, free=802057510912, active=601543647232, inactive=196772577280, buffers=1064960, cached=142646329344, shared=16375808, slab=3815604224)
i_expt = 2
svmem(total=1622475350016, available=935735762944, percent=42.3, used=678547013632, free=800154644480, active=603129749504, inactive=197898285056, buffers=1064960, cached=143772626944, shared=16375808, slab=3816120320)
i_fcdate = 1
i_expt = 0
svmem(total=1622475350016, available=938122665984, percent=42.2, used=676159660032, free=801370128384, active=600697966592, inactive=199069278208, buffers=1064960, cached=144944496640, shared=16375808, slab=3823464448)
i_expt = 1
svmem(total=1622475350016, available=951887605760, percent=41.3, used=662394253312, free=812028022784, active=587619950592, inactive=202175913984, buffers=1064960, cached=148052008960, shared=16375808, slab=3824353280)
i_expt = 2
svmem(total=1622475350016, available=953550626816, percent=41.2, used=660730793984, free=810501083136, active=586277466112, inactive=205365510144, buffers=1064960, cached=151242407936, shared=16375808, slab=3828756480)
procedure = 'reduce', sys.argv = ['pipeline_gcms.py', 'reduce', '8']
gcm = 'CNRM-CM61'
i_fcdate = 0
i_expt = 0
svmem(total=1622475350016, available=942498660352, percent=41.9, used=671782326272, free=794437988352, active=598230757376, inactive=210376212480, buffers=1064960, cached=156253970432, shared=16375808, slab=3828281344)
i_expt = 1
svmem(total=1622475350016, available=946953830400, percent=41.6, used=667326869504, free=797068926976, active=593157566464, inactive=212200067072, buffers=1064960, cached=158078488576, shared=16375808, slab=3827298304)
i_expt = 2
svmem(total=1622475350016, available=948180598784, percent=41.6, used=666099589120, free=797040308224, active=592485179392, inactive=213454925824, buffers=1064960, cached=159334387712, shared=16375808, slab=3820519424)
i_fcdate = 1
i_expt = 0
svmem(total=1622475350016, available=947255844864, percent=41.6, used=667023953920, free=795158429696, active=593346375680, inactive=214411665408, buffers=1064960, cached=160291901440, shared=16375808, slab=3821465600)
i_expt = 1
svmem(total=1622475350016, available=954674421760, percent=41.2, used=659605450752, free=801834319872, active=586686042112, inactive=215153971200, buffers=1064960, cached=161034514432, shared=16375808, slab=3822272512)
i_expt = 2
svmem(total=1622475350016, available=945891237888, percent=41.7, used=668387803136, free=792089915392, active=595811569664, inactive=216114532352, buffers=1064960, cached=161996566528, shared=16375808, slab=3818364928)
